<?xml version="1.0" encoding="UTF-8"?>
<testsuites name="Mocha Tests" time="19.6130" tests="8" failures="2" skipped="1">
  <testsuite name="Root Suite" timestamp="2023-03-29T12:33:15" tests="0" file="cypress/e2e/old/search.cy.js" time="0.0000" failures="0">
  </testsuite>
  <testsuite name="Search" timestamp="2023-03-29T12:33:15" tests="8" time="19.6130" failures="2">
    <testcase name="Search Should show search results" time="3.9010" classname="Should show search results">
    </testcase>
    <testcase name="Search Should link to work page" time="6.9150" classname="Should link to work page">
      <failure message="Timed out retrying after 4050ms: `cy.click()` failed because this element:

`&lt;a data-cy=&quot;result-row&quot; target=&quot;_self&quot; class=&quot;Link_link___o2Gu Link_border__5wHCU  Row_wrapper__4vKwW  false&quot; tabindex=&quot;0&quot; aria-label=&quot;&quot; href=&quot;/materiale/harry-potter/work-of%3A870970-basis%3A54181744&quot;&gt;...&lt;/a&gt;`

is being covered by another element:

`&lt;div id=&quot;CybotCookiebotDialogHeaderLogosWrapper&quot;&gt;...&lt;/div&gt;`

Fix this problem, or use {force: true} to disable error checking.

https://on.cypress.io/element-cannot-be-interacted-with" type="CypressError"><![CDATA[CypressError: Timed out retrying after 4050ms: `cy.click()` failed because this element:

`<a data-cy="result-row" target="_self" class="Link_link___o2Gu Link_border__5wHCU  Row_wrapper__4vKwW  false" tabindex="0" aria-label="" href="/materiale/harry-potter/work-of%3A870970-basis%3A54181744">...</a>`

is being covered by another element:

`<div id="CybotCookiebotDialogHeaderLogosWrapper">...</div>`

Fix this problem, or use {force: true} to disable error checking.

https://on.cypress.io/element-cannot-be-interacted-with
    at $Cy.ensureDescendents (http://localhost:3000/__cypress/runner/cypress_runner.js:162005:78)
    at ensureDescendents (http://localhost:3000/__cypress/runner/cypress_runner.js:147397:8)
    at ensureDescendentsAndScroll (http://localhost:3000/__cypress/runner/cypress_runner.js:147404:14)
    at ensureElIsNotCovered (http://localhost:3000/__cypress/runner/cypress_runner.js:147536:5)
    at runAllChecks (http://localhost:3000/__cypress/runner/cypress_runner.js:147726:52)
    at retryActionability (http://localhost:3000/__cypress/runner/cypress_runner.js:147750:16)
    at tryCatcher (http://localhost:3000/__cypress/runner/cypress_runner.js:13012:23)
    at Function.Promise.attempt.Promise.try (http://localhost:3000/__cypress/runner/cypress_runner.js:10286:29)
    at whenStable (http://localhost:3000/__cypress/runner/cypress_runner.js:166931:65)
    at http://localhost:3000/__cypress/runner/cypress_runner.js:166385:14
    at tryCatcher (http://localhost:3000/__cypress/runner/cypress_runner.js:13012:23)
    at Promise._settlePromiseFromHandler (http://localhost:3000/__cypress/runner/cypress_runner.js:10947:31)
    at Promise._settlePromise (http://localhost:3000/__cypress/runner/cypress_runner.js:11004:18)
    at Promise._settlePromise0 (http://localhost:3000/__cypress/runner/cypress_runner.js:11049:10)
    at Promise._settlePromises (http://localhost:3000/__cypress/runner/cypress_runner.js:11129:18)
    at Promise._fulfill (http://localhost:3000/__cypress/runner/cypress_runner.js:11073:18)
    at http://localhost:3000/__cypress/runner/cypress_runner.js:12687:46
From Your Spec Code:
    at Context.eval (http://localhost:3000/__cypress/tests?p=cypress/e2e/old/search.cy.js:135:16)]]></failure>
    </testcase>
    <testcase name="Search Should collect data when searching and clicking work" time="5.4000" classname="Should collect data when searching and clicking work">
      <failure message="Timed out retrying after 4000ms: Expected to find element: `[data-cy=button-ok]`, but never found it." type="AssertionError"><![CDATA[AssertionError: Timed out retrying after 4000ms: Expected to find element: `[data-cy=button-ok]`, but never found it.
    at Context.eval (http://localhost:3000/__cypress/tests?p=cypress/e2e/old/search.cy.js:153:8)]]></failure>
    </testcase>
    <testcase name="Search Should focus elements when tabbing" time="0.9010" classname="Should focus elements when tabbing">
    </testcase>
    <testcase name="Search Should focus pagination buttons when tabbing" time="0.2350" classname="Should focus pagination buttons when tabbing">
    </testcase>
    <testcase name="Search Desktop: Fake searchfield not visible" time="0.8860" classname="Desktop: Fake searchfield not visible">
    </testcase>
    <testcase name="Search Mobile: Has searchfield including query" time="1.3750" classname="Mobile: Has searchfield including query">
    </testcase>
  </testsuite>
</testsuites>