<?xml version="1.0" encoding="UTF-8"?>
<testsuites name="Mocha Tests" time="8.2490" tests="14" failures="1" skipped="4">
  <testsuite name="Root Suite" timestamp="2022-11-21T08:26:08" tests="0" file="cypress/integration/old/overview.spec.js" time="0.0000" failures="0">
  </testsuite>
  <testsuite name="Overview" timestamp="2022-11-21T08:26:08" tests="0" time="0.0000" failures="0">
  </testsuite>
  <testsuite name="Overview parent" timestamp="2022-11-21T08:26:08" tests="7" time="5.2920" failures="1">
    <testcase name="Overview Overview parent Can tab through to different elements" time="5.0520" classname="Can tab through to different elements">
      <failure message="Timed out retrying after 4000ms: expected &apos;&lt;button.._3A3OkSiUo_7_9lz6d8B3XK.&gt;&apos; to have attribute &apos;data-cy&apos; with the value &apos;button-order-overview-enabled&apos;, but the value was &apos;bookmark-asterix-og-obelix-i-det-vilde-vesten&apos;" type="AssertionError"><![CDATA[AssertionError: Timed out retrying after 4000ms: expected '<button.._3A3OkSiUo_7_9lz6d8B3XK.>' to have attribute 'data-cy' with the value 'button-order-overview-enabled', but the value was 'bookmark-asterix-og-obelix-i-det-vilde-vesten'
    at Context.eval (http://localhost:4000/__cypress/tests?p=cypress/integration/old/overview.spec.js:115:175)]]></failure>
    </testcase>
    <testcase name="Overview Overview parent Can click on bookmark button" time="0.1130" classname="Can click on bookmark button">
    </testcase>
    <testcase name="Overview Overview parent Can click on button tag" time="0.1270" classname="Can click on button tag">
    </testcase>
  </testsuite>
  <testsuite name="LocalizationsLink" timestamp="2022-11-21T08:26:29" tests="4" time="1.8580" failures="0">
    <testcase name="Overview LocalizationsLink Preferred online" time="0.7500" classname="Preferred online">
    </testcase>
    <testcase name="Overview LocalizationsLink Not available for loan at any library" time="0.4850" classname="Not available for loan at any library">
    </testcase>
    <testcase name="Overview LocalizationsLink Available at libraries" time="0.4590" classname="Available at libraries">
    </testcase>
    <testcase name="Overview LocalizationsLink Slow loading" time="0.1640" classname="Slow loading">
    </testcase>
  </testsuite>
  <testsuite name="Alternative Options" timestamp="2022-11-21T08:26:31" tests="3" time="1.0990" failures="0">
    <testcase name="Overview Alternative Options No alternatives" time="0.5990" classname="No alternatives">
    </testcase>
    <testcase name="Overview Alternative Options With alternatives" time="0.3390" classname="With alternatives">
    </testcase>
    <testcase name="Overview Alternative Options Slow loading" time="0.1610" classname="Slow loading">
    </testcase>
  </testsuite>
</testsuites>