<?xml version="1.0" encoding="UTF-8"?>
<testsuites name="Mocha Tests" time="4.6340" tests="1" failures="1">
  <testsuite name="Root Suite" timestamp="2022-11-21T13:52:50" tests="0" file="cypress/integration/series.spec.js" time="0.0000" failures="0">
  </testsuite>
  <testsuite name="Series" timestamp="2022-11-21T13:52:50" tests="1" time="4.6340" failures="1">
    <testcase name="Series Verify title and creator are shown" time="4.6340" classname="Verify title and creator are shown">
      <failure message="Timed out retrying after 4000ms: expected &apos;&lt;a._2rw1H3auOtKZ_MGXDn8b4V.swiper-slide._2rilaUaTngdeVCZQgUKlBI.swiper-slide-active&gt;&apos; to have attribute &apos;href&apos; with the value &apos;/materiale/work-seriesmembers-0-titles-main-0-_work-seriesmembers-0-creators-0-display/work.seriesMembers%5B0%5D.workId?type=work.seriesMembers%5B0%5D.materialTypes%5B0%5D.specific&apos;, but the value was &apos;/materiale/work-seriesmembers-0-titles-main-0-_work-seriesmembers-0-creators-0-display/work.seriesMembers%5B0%5D.workId?type=work.seriesMembers%5B0%5D.manifestations.all%5B0%5D.materialTypes%5B0%5D.specific&apos;" type="AssertionError"><![CDATA[AssertionError: Timed out retrying after 4000ms: expected '<a._2rw1H3auOtKZ_MGXDn8b4V.swiper-slide._2rilaUaTngdeVCZQgUKlBI.swiper-slide-active>' to have attribute 'href' with the value '/materiale/work-seriesmembers-0-titles-main-0-_work-seriesmembers-0-creators-0-display/work.seriesMembers%5B0%5D.workId?type=work.seriesMembers%5B0%5D.materialTypes%5B0%5D.specific', but the value was '/materiale/work-seriesmembers-0-titles-main-0-_work-seriesmembers-0-creators-0-display/work.seriesMembers%5B0%5D.workId?type=work.seriesMembers%5B0%5D.manifestations.all%5B0%5D.materialTypes%5B0%5D.specific'
    at Context.eval (http://localhost:4000/__cypress/tests?p=cypress/integration/series.spec.js:110:23)]]></failure>
    </testcase>
  </testsuite>
</testsuites>